<?xml version="1.0" encoding="UTF-8"?>
<coverage generated="1648160900031" clover="3.2.0">
  <project timestamp="1648160900031" name="All files">
    <metrics statements="38" coveredstatements="37" conditionals="6" coveredconditionals="6" methods="10" coveredmethods="9" elements="54" coveredelements="52" complexity="0" loc="38" ncloc="38" packages="5" files="5" classes="5"/>
    <package name="components.atoms.button">
      <metrics statements="5" coveredstatements="5" conditionals="2" coveredconditionals="2" methods="1" coveredmethods="1"/>
      <file name="index.tsx" path="C:\Users\edwar\Documents\projects\skydropx\src\components\atoms\button\index.tsx">
        <metrics statements="5" coveredstatements="5" conditionals="2" coveredconditionals="2" methods="1" coveredmethods="1"/>
        <line num="1" count="3" type="stmt"/>
        <line num="2" count="3" type="stmt"/>
        <line num="3" count="3" type="stmt"/>
        <line num="10" count="3" type="stmt"/>
        <line num="20" count="8" type="stmt"/>
      </file>
    </package>
    <package name="components.atoms.icons">
      <metrics statements="7" coveredstatements="7" conditionals="0" coveredconditionals="0" methods="3" coveredmethods="3"/>
      <file name="index.tsx" path="C:\Users\edwar\Documents\projects\skydropx\src\components\atoms\icons\index.tsx">
        <metrics statements="7" coveredstatements="7" conditionals="0" coveredconditionals="0" methods="3" coveredmethods="3"/>
        <line num="3" count="2" type="stmt"/>
        <line num="10" count="2" type="stmt"/>
        <line num="11" count="14" type="stmt"/>
        <line num="25" count="2" type="stmt"/>
        <line num="26" count="7" type="stmt"/>
        <line num="40" count="2" type="stmt"/>
        <line num="41" count="7" type="stmt"/>
      </file>
    </package>
    <package name="components.atoms.input">
      <metrics statements="7" coveredstatements="7" conditionals="4" coveredconditionals="4" methods="2" coveredmethods="2"/>
      <file name="index.tsx" path="C:\Users\edwar\Documents\projects\skydropx\src\components\atoms\input\index.tsx">
        <metrics statements="7" coveredstatements="7" conditionals="4" coveredconditionals="4" methods="2" coveredmethods="2"/>
        <line num="1" count="3" type="stmt"/>
        <line num="2" count="3" type="stmt"/>
        <line num="3" count="3" type="stmt"/>
        <line num="10" count="3" type="stmt"/>
        <line num="14" count="44" type="cond" truecount="2" falsecount="0"/>
        <line num="16" count="44" type="stmt"/>
        <line num="17" count="28" type="stmt"/>
      </file>
    </package>
    <package name="components.organisms.form-budget">
      <metrics statements="11" coveredstatements="11" conditionals="0" coveredconditionals="0" methods="2" coveredmethods="2"/>
      <file name="index.tsx" path="C:\Users\edwar\Documents\projects\skydropx\src\components\organisms\form-budget\index.tsx">
        <metrics statements="11" coveredstatements="11" conditionals="0" coveredconditionals="0" methods="2" coveredmethods="2"/>
        <line num="1" count="2" type="stmt"/>
        <line num="2" count="2" type="stmt"/>
        <line num="3" count="2" type="stmt"/>
        <line num="4" count="2" type="stmt"/>
        <line num="9" count="2" type="stmt"/>
        <line num="10" count="2" type="stmt"/>
        <line num="25" count="2" type="stmt"/>
        <line num="26" count="7" type="stmt"/>
        <line num="31" count="7" type="stmt"/>
        <line num="41" count="7" type="stmt"/>
        <line num="42" count="1" type="stmt"/>
      </file>
    </package>
    <package name="pages">
      <metrics statements="8" coveredstatements="7" conditionals="0" coveredconditionals="0" methods="2" coveredmethods="1"/>
      <file name="index.tsx" path="C:\Users\edwar\Documents\projects\skydropx\src\pages\index.tsx">
        <metrics statements="8" coveredstatements="7" conditionals="0" coveredconditionals="0" methods="2" coveredmethods="1"/>
        <line num="2" count="1" type="stmt"/>
        <line num="3" count="1" type="stmt"/>
        <line num="5" count="1" type="stmt"/>
        <line num="6" count="1" type="stmt"/>
        <line num="8" count="1" type="stmt"/>
        <line num="10" count="1" type="stmt"/>
        <line num="11" count="0" type="stmt"/>
        <line num="55" count="1" type="stmt"/>
      </file>
    </package>
  </project>
</coverage>
