{"C:\\Users\\edwar\\Documents\\projects\\skydropx\\src\\components\\atoms\\button\\index.tsx": {"path":"C:\\Users\\edwar\\Documents\\projects\\skydropx\\src\\components\\atoms\\button\\index.tsx","statementMap":{"0":{"start":{"line":1,"column":25},"end":{"line":1,"column":null}},"1":{"start":{"line":2,"column":23},"end":{"line":2,"column":null}},"2":{"start":{"line":3,"column":40},"end":{"line":3,"column":null}},"3":{"start":{"line":10,"column":22},"end":{"line":35,"column":null}},"4":{"start":{"line":20,"column":6},"end":{"line":20,"column":11}},"5":{"start":{"line":10,"column":13},"end":{"line":10,"column":22}}},"fnMap":{"0":{"name":"Button","decl":{"start":{"line":10,"column":48},"end":{"line":10,"column":54}},"loc":{"start":{"line":13,"column":2},"end":{"line":35,"column":1}}}},"branchMap":{"0":{"loc":{"start":{"line":17,"column":4},"end":{"line":17,"column":21}},"type":"default-arg","locations":[{"start":{"line":17,"column":16},"end":{"line":17,"column":21}}]},"1":{"loc":{"start":{"line":18,"column":4},"end":{"line":18,"column":19}},"type":"default-arg","locations":[{"start":{"line":18,"column":14},"end":{"line":18,"column":19}}]}},"s":{"0":3,"1":3,"2":3,"3":3,"4":8,"5":3},"f":{"0":8},"b":{"0":[8],"1":[8]}}
,"C:\\Users\\edwar\\Documents\\projects\\skydropx\\src\\components\\atoms\\icons\\index.tsx": {"path":"C:\\Users\\edwar\\Documents\\projects\\skydropx\\src\\components\\atoms\\icons\\index.tsx","statementMap":{"0":{"start":{"line":3,"column":21},"end":{"line":8,"column":1}},"1":{"start":{"line":10,"column":26},"end":{"line":23,"column":1}},"2":{"start":{"line":11,"column":33},"end":{"line":11,"column":38}},"3":{"start":{"line":10,"column":13},"end":{"line":10,"column":51}},"4":{"start":{"line":25,"column":24},"end":{"line":38,"column":1}},"5":{"start":{"line":26,"column":33},"end":{"line":26,"column":38}},"6":{"start":{"line":25,"column":13},"end":{"line":25,"column":49}},"7":{"start":{"line":40,"column":24},"end":{"line":53,"column":1}},"8":{"start":{"line":41,"column":33},"end":{"line":41,"column":38}},"9":{"start":{"line":40,"column":13},"end":{"line":40,"column":49}}},"fnMap":{"0":{"name":"(anonymous_0)","decl":{"start":{"line":10,"column":26},"end":{"line":10,"column":51}},"loc":{"start":{"line":10,"column":61},"end":{"line":23,"column":1}}},"1":{"name":"(anonymous_1)","decl":{"start":{"line":25,"column":24},"end":{"line":25,"column":49}},"loc":{"start":{"line":25,"column":59},"end":{"line":38,"column":1}}},"2":{"name":"(anonymous_2)","decl":{"start":{"line":40,"column":24},"end":{"line":40,"column":49}},"loc":{"start":{"line":40,"column":59},"end":{"line":53,"column":1}}}},"branchMap":{},"s":{"0":2,"1":2,"2":14,"3":2,"4":2,"5":7,"6":2,"7":2,"8":7,"9":2},"f":{"0":14,"1":7,"2":7},"b":{}}
,"C:\\Users\\edwar\\Documents\\projects\\skydropx\\src\\components\\atoms\\input\\index.tsx": {"path":"C:\\Users\\edwar\\Documents\\projects\\skydropx\\src\\components\\atoms\\input\\index.tsx","statementMap":{"0":{"start":{"line":1,"column":25},"end":{"line":1,"column":null}},"1":{"start":{"line":2,"column":23},"end":{"line":2,"column":null}},"2":{"start":{"line":3,"column":39},"end":{"line":3,"column":null}},"3":{"start":{"line":10,"column":21},"end":{"line":41,"column":null}},"4":{"start":{"line":14,"column":70},"end":{"line":14,"column":75}},"5":{"start":{"line":16,"column":18},"end":{"line":20,"column":3}},"6":{"start":{"line":17,"column":4},"end":{"line":19,"column":null}},"7":{"start":{"line":10,"column":13},"end":{"line":10,"column":21}}},"fnMap":{"0":{"name":"Input","decl":{"start":{"line":10,"column":47},"end":{"line":10,"column":52}},"loc":{"start":{"line":13,"column":2},"end":{"line":41,"column":1}}},"1":{"name":"(anonymous_2)","decl":{"start":{"line":16,"column":18},"end":{"line":16,"column":22}},"loc":{"start":{"line":16,"column":44},"end":{"line":20,"column":3}}}},"branchMap":{"0":{"loc":{"start":{"line":14,"column":21},"end":{"line":14,"column":38}},"type":"default-arg","locations":[{"start":{"line":14,"column":33},"end":{"line":14,"column":38}}]},"1":{"loc":{"start":{"line":14,"column":40},"end":{"line":14,"column":56}},"type":"default-arg","locations":[{"start":{"line":14,"column":47},"end":{"line":14,"column":56}}]},"2":{"loc":{"start":{"line":31,"column":9},"end":{"line":31,"column":39}},"type":"cond-expr","locations":[{"start":{"line":31,"column":16},"end":{"line":31,"column":35}},{"start":{"line":31,"column":35},"end":{"line":31,"column":39}}]}},"s":{"0":3,"1":3,"2":3,"3":3,"4":44,"5":44,"6":28,"7":3},"f":{"0":44,"1":28},"b":{"0":[1],"1":[16],"2":[28,16]}}
,"C:\\Users\\edwar\\Documents\\projects\\skydropx\\src\\components\\organisms\\form-budget\\index.tsx": {"path":"C:\\Users\\edwar\\Documents\\projects\\skydropx\\src\\components\\organisms\\form-budget\\index.tsx","statementMap":{"0":{"start":{"line":1,"column":23},"end":{"line":1,"column":null}},"1":{"start":{"line":2,"column":41},"end":{"line":2,"column":null}},"2":{"start":{"line":3,"column":48},"end":{"line":3,"column":null}},"3":{"start":{"line":4,"column":50},"end":{"line":4,"column":null}},"4":{"start":{"line":9,"column":33},"end":{"line":9,"column":null}},"5":{"start":{"line":10,"column":44},"end":{"line":10,"column":null}},"6":{"start":{"line":25,"column":23},"end":{"line":136,"column":1}},"7":{"start":{"line":26,"column":19},"end":{"line":26,"column":null}},"8":{"start":{"line":31,"column":3},"end":{"line":40,"column":null}},"9":{"start":{"line":41,"column":20},"end":{"line":43,"column":3}},"10":{"start":{"line":42,"column":4},"end":{"line":42,"column":null}},"11":{"start":{"line":25,"column":13},"end":{"line":25,"column":44}}},"fnMap":{"0":{"name":"(anonymous_1)","decl":{"start":{"line":25,"column":23},"end":{"line":25,"column":44}},"loc":{"start":{"line":25,"column":71},"end":{"line":136,"column":1}}},"1":{"name":"(anonymous_2)","decl":{"start":{"line":41,"column":20},"end":{"line":41,"column":24}},"loc":{"start":{"line":41,"column":45},"end":{"line":43,"column":3}}}},"branchMap":{},"s":{"0":2,"1":2,"2":2,"3":2,"4":2,"5":2,"6":2,"7":7,"8":7,"9":7,"10":1,"11":2},"f":{"0":7,"1":1},"b":{}}
,"C:\\Users\\edwar\\Documents\\projects\\skydropx\\src\\pages\\index.tsx": {"path":"C:\\Users\\edwar\\Documents\\projects\\skydropx\\src\\pages\\index.tsx","statementMap":{"0":{"start":{"line":2,"column":28},"end":{"line":2,"column":null}},"1":{"start":{"line":3,"column":23},"end":{"line":3,"column":null}},"2":{"start":{"line":5,"column":75},"end":{"line":5,"column":null}},"3":{"start":{"line":6,"column":45},"end":{"line":6,"column":null}},"4":{"start":{"line":8,"column":14},"end":{"line":53,"column":1}},"5":{"start":{"line":10,"column":18},"end":{"line":12,"column":null}},"6":{"start":{"line":11,"column":4},"end":{"line":11,"column":76}},"7":{"start":{"line":55,"column":15},"end":{"line":55,"column":23}}},"fnMap":{"0":{"name":"(anonymous_1)","decl":{"start":{"line":8,"column":14},"end":{"line":8,"column":33}},"loc":{"start":{"line":8,"column":33},"end":{"line":53,"column":1}}},"1":{"name":"(anonymous_2)","decl":{"start":{"line":10,"column":18},"end":{"line":10,"column":22}},"loc":{"start":{"line":10,"column":43},"end":{"line":12,"column":null}}}},"branchMap":{},"s":{"0":1,"1":1,"2":1,"3":1,"4":1,"5":1,"6":0,"7":1},"f":{"0":1,"1":0},"b":{}}
}
