TN:
SF:src\components\atoms\button\index.tsx
FN:10,Button
FNF:1
FNH:1
FNDA:8,Button
DA:1,3
DA:2,3
DA:3,3
DA:10,3
DA:20,8
LF:5
LH:5
BRDA:17,0,0,8
BRDA:18,1,0,8
BRF:2
BRH:2
end_of_record
TN:
SF:src\components\atoms\icons\index.tsx
FN:10,(anonymous_0)
FN:25,(anonymous_1)
FN:40,(anonymous_2)
FNF:3
FNH:3
FNDA:14,(anonymous_0)
FNDA:7,(anonymous_1)
FNDA:7,(anonymous_2)
DA:3,2
DA:10,2
DA:11,14
DA:25,2
DA:26,7
DA:40,2
DA:41,7
LF:7
LH:7
BRF:0
BRH:0
end_of_record
TN:
SF:src\components\atoms\input\index.tsx
FN:10,Input
FN:16,(anonymous_2)
FNF:2
FNH:2
FNDA:44,Input
FNDA:28,(anonymous_2)
DA:1,3
DA:2,3
DA:3,3
DA:10,3
DA:14,44
DA:16,44
DA:17,28
LF:7
LH:7
BRDA:14,0,0,1
BRDA:14,1,0,16
BRDA:31,2,0,28
BRDA:31,2,1,16
BRF:4
BRH:4
end_of_record
TN:
SF:src\components\organisms\form-budget\index.tsx
FN:25,(anonymous_1)
FN:41,(anonymous_2)
FNF:2
FNH:2
FNDA:7,(anonymous_1)
FNDA:1,(anonymous_2)
DA:1,2
DA:2,2
DA:3,2
DA:4,2
DA:9,2
DA:10,2
DA:25,2
DA:26,7
DA:31,7
DA:41,7
DA:42,1
LF:11
LH:11
BRF:0
BRH:0
end_of_record
TN:
SF:src\pages\index.tsx
FN:8,(anonymous_1)
FN:10,(anonymous_2)
FNF:2
FNH:1
FNDA:1,(anonymous_1)
FNDA:0,(anonymous_2)
DA:2,1
DA:3,1
DA:5,1
DA:6,1
DA:8,1
DA:10,1
DA:11,0
DA:55,1
LF:8
LH:7
BRF:0
BRH:0
end_of_record
